20:22:27 **** Clean-only build of configuration Debug for project generator ****
make clean 
rm -rf  ./src/lexer/lex.yy.o  ./src/Generator.o ./src/Grammar.o ./src/Node.o ./src/Parser.o ./src/StartClass.o  ./src/lexer/lex.yy.d  ./src/Generator.d ./src/Grammar.d ./src/Node.d ./src/Parser.d ./src/StartClass.d  generator
 
20:22:32 **** Build of configuration Debug for project generator ****
make all 
Building file: ../src/lexer/lex.yy.cpp
Invoking: GCC C++ Compiler
g++ -I"/home/ugin/CompilerKursworkWorkspace/generator/src/lexer" -I"/home/ugin/CompilerKursworkWorkspace/generator/src" -O0 -g3 -Wall -c -fmessage-length=0 -MMD -MP -MF"src/lexer/lex.yy.d" -MT"src/lexer/lex.yy.o" -o "src/lexer/lex.yy.o" "../src/lexer/lex.yy.cpp"
Finished building: ../src/lexer/lex.yy.cpp
 
Building file: ../src/Generator.cpp
Invoking: GCC C++ Compiler
g++ -I"/home/ugin/CompilerKursworkWorkspace/generator/src/lexer" -I"/home/ugin/CompilerKursworkWorkspace/generator/src" -O0 -g3 -Wall -c -fmessage-length=0 -MMD -MP -MF"src/Generator.d" -MT"src/Generator.o" -o "src/Generator.o" "../src/Generator.cpp"
Finished building: ../src/Generator.cpp
 
Building file: ../src/Grammar.cpp
Invoking: GCC C++ Compiler
g++ -I"/home/ugin/CompilerKursworkWorkspace/generator/src/lexer" -I"/home/ugin/CompilerKursworkWorkspace/generator/src" -O0 -g3 -Wall -c -fmessage-length=0 -MMD -MP -MF"src/Grammar.d" -MT"src/Grammar.o" -o "src/Grammar.o" "../src/Grammar.cpp"
Finished building: ../src/Grammar.cpp
 
Building file: ../src/Node.cpp
Invoking: GCC C++ Compiler
g++ -I"/home/ugin/CompilerKursworkWorkspace/generator/src/lexer" -I"/home/ugin/CompilerKursworkWorkspace/generator/src" -O0 -g3 -Wall -c -fmessage-length=0 -MMD -MP -MF"src/Node.d" -MT"src/Node.o" -o "src/Node.o" "../src/Node.cpp"
Finished building: ../src/Node.cpp
 
Building file: ../src/Parser.cpp
Invoking: GCC C++ Compiler
g++ -I"/home/ugin/CompilerKursworkWorkspace/generator/src/lexer" -I"/home/ugin/CompilerKursworkWorkspace/generator/src" -O0 -g3 -Wall -c -fmessage-length=0 -MMD -MP -MF"src/Parser.d" -MT"src/Parser.o" -o "src/Parser.o" "../src/Parser.cpp"
Finished building: ../src/Parser.cpp
 
Building file: ../src/StartClass.cpp
Invoking: GCC C++ Compiler
g++ -I"/home/ugin/CompilerKursworkWorkspace/generator/src/lexer" -I"/home/ugin/CompilerKursworkWorkspace/generator/src" -O0 -g3 -Wall -c -fmessage-length=0 -MMD -MP -MF"src/StartClass.d" -MT"src/StartClass.o" -o "src/StartClass.o" "../src/StartClass.cpp"
Finished building: ../src/StartClass.cpp
 
Building target: generator
Invoking: GCC C++ Linker
g++  -o "generator"  ./src/lexer/lex.yy.o  ./src/Generator.o ./src/Grammar.o ./src/Node.o ./src/Parser.o ./src/StartClass.o   
Finished building target: generator
 
20:22:38 **** Incremental Build of configuration Debug for project generator ****
make all 
make: Цель `all' не требует выполнения команд.
20:23:04 **** Incremental Build of configuration Debug for project generator ****
make all 
make: Цель `all' не требует выполнения команд.
20:23:07 **** Incremental Build of configuration Debug for project generator ****
make all 
make: Цель `all' не требует выполнения команд.
20:25:57 **** Incremental Build of configuration Debug for project generator ****
make all 
Building file: ../src/lexer/lex.yy.cpp
Invoking: GCC C++ Compiler
g++ -I"/home/ugin/CompilerKursworkWorkspace/generator/src/lexer" -I"/home/ugin/CompilerKursworkWorkspace/generator/src" -O0 -g3 -Wall -c -fmessage-length=0 -MMD -MP -MF"src/lexer/lex.yy.d" -MT"src/lexer/lex.yy.o" -o "src/lexer/lex.yy.o" "../src/lexer/lex.yy.cpp"
Finished building: ../src/lexer/lex.yy.cpp
 
Building target: generator
Invoking: GCC C++ Linker
g++  -o "generator"  ./src/lexer/lex.yy.o  ./src/Generator.o ./src/Grammar.o ./src/Node.o ./src/Parser.o ./src/StartClass.o   
Finished building target: generator
 
20:26:00 **** Incremental Build of configuration Debug for project generator ****
make all 
make: Цель `all' не требует выполнения команд.
